@@cards @@row
@@column
  \card{Saeed Aljaberi}{avatar.jpg}{Ph.D. Student}{}{}
@@

@@column
  \card{Adriano Bellotti}{avatar.jpg}{Ph.D. Student}{}{}
@@

@@column
  \card{Kristine Heiney}{Kristine.jpg}{Ph.D. Student}{}{kh732@cam.ac.uk}
@@

@@column
  \card{Dr. Monika Jozsa}{avatar.jpg}{Research Associate}{}{mj555@cam.ac.uk}
@@

@@column
  \card{Adrianna R Loback}{avatar.jpg}{Research Associate}{}{}
@@

@@column
  \card{Dr. Dhruva Raman}{avatar.jpg}{Research Associate}{}{dvr23@cam.ac.uk}
@@

@@ @@
